<?xml version="1.0" encoding="UTF-8"?>
<!-- Generated by org.testng.reporters.JUnitReportReporter -->
<testsuite hostname="LAPTOP-ABDTDQG9" failures="0" tests="1" name="com.testscenarios.Framework_login" time="7.650" errors="0" timestamp="2023-05-09T17:04:41 EDT" skipped="0">
  <testcase classname="com.testscenarios.Framework_login" name="f" time="7.650"/>
  <system-out/>
</testsuite> <!-- com.testscenarios.Framework_login -->
